CREATE EXTENSION pg_cheat_funcs;
\pset null '(null)'
SELECT pg_stat_print_memory_context();
 pg_stat_print_memory_context 
------------------------------
 
(1 row)

SELECT pg_signal_process(pg_postmaster_pid(), 'HUP');
 pg_signal_process 
-------------------
 
(1 row)

SELECT pg_eucjp('xa4', 'xa2');
ERROR:  database encoding is UTF8
HINT:  pg_eucjp() can be executed only under EUC_JP encoding.
SELECT pg_set_next_xid(next_xid) = next_xid FROM pg_xid_assignment();
 ?column? 
----------
 t
(1 row)

SELECT pg_text_to_hex('PostgreSQL');
    pg_text_to_hex    
----------------------
 506f737467726553514c
(1 row)

SELECT pg_hex_to_text('506f737467726553514c');
 pg_hex_to_text 
----------------
 PostgreSQL
(1 row)

SELECT pg_hex_to_text(upper('506f737467726553514c'));
 pg_hex_to_text 
----------------
 PostgreSQL
(1 row)

DROP EXTENSION pg_cheat_funcs;
